<?xml version="1.0" encoding="UTF-8"?>
<testng-results skipped="0" failed="1" ignored="11" total="13" passed="1">
  <reporter-output>
  </reporter-output>
  <suite name="TestNG" duration-ms="22857" started-at="2016-12-30T04:40:15Z" finished-at="2016-12-30T04:40:38Z">
    <groups>
    </groups>
    <test name="test" duration-ms="22857" started-at="2016-12-30T04:40:15Z" finished-at="2016-12-30T04:40:38Z">
      <class name="test.Gurukul">
        <test-method status="PASS" signature="beforeTest(java.lang.String)[pri:0, instance:test.Gurukul@7d9d1a19]" name="beforeTest" is-config="true" duration-ms="4710" started-at="2016-12-30T10:10:15Z" finished-at="2016-12-30T10:10:20Z">
          <params>
            <param index="0">
              <value>
                <![CDATA[chrome]]>
              </value>
            </param>
          </params>
          <reporter-output>
          </reporter-output>
        </test-method> <!-- beforeTest -->
        <test-method status="PASS" signature="test_login()[pri:1, instance:test.Gurukul@7d9d1a19]" name="test_login" duration-ms="10452" started-at="2016-12-30T10:10:20Z" finished-at="2016-12-30T10:10:30Z">
          <reporter-output>
          </reporter-output>
        </test-method> <!-- test_login -->
        <test-method status="FAIL" signature="test_searchAndClickPageButton()[pri:11, instance:test.Gurukul@7d9d1a19]" name="test_searchAndClickPageButton" duration-ms="4725" started-at="2016-12-30T10:10:30Z" finished-at="2016-12-30T10:10:35Z">
          <exception class="java.lang.AssertionError">
            <message>
              <![CDATA[The first button is displayed expected [false] but found [true]]]>
            </message>
            <full-stacktrace>
              <![CDATA[java.lang.AssertionError: The first button is displayed expected [false] but found [true]
	at org.testng.Assert.fail(Assert.java:94)
	at org.testng.Assert.failNotEquals(Assert.java:513)
	at org.testng.Assert.assertFalse(Assert.java:63)
	at test.Gurukul.test_searchAndClickPageButton(Gurukul.java:328)
	at sun.reflect.NativeMethodAccessorImpl.invoke0(Native Method)
	at sun.reflect.NativeMethodAccessorImpl.invoke(Unknown Source)
	at sun.reflect.DelegatingMethodAccessorImpl.invoke(Unknown Source)
	at java.lang.reflect.Method.invoke(Unknown Source)
	at org.testng.internal.MethodInvocationHelper.invokeMethod(MethodInvocationHelper.java:104)
	at org.testng.internal.Invoker.invokeMethod(Invoker.java:645)
	at org.testng.internal.Invoker.invokeTestMethod(Invoker.java:851)
	at org.testng.internal.Invoker.invokeTestMethods(Invoker.java:1177)
	at org.testng.internal.TestMethodWorker.invokeTestMethods(TestMethodWorker.java:129)
	at org.testng.internal.TestMethodWorker.run(TestMethodWorker.java:112)
	at org.testng.TestRunner.privateRun(TestRunner.java:756)
	at org.testng.TestRunner.run(TestRunner.java:610)
	at org.testng.SuiteRunner.runTest(SuiteRunner.java:387)
	at org.testng.SuiteRunner.runSequentially(SuiteRunner.java:382)
	at org.testng.SuiteRunner.privateRun(SuiteRunner.java:340)
	at org.testng.SuiteRunner.run(SuiteRunner.java:289)
	at org.testng.SuiteRunnerWorker.runSuite(SuiteRunnerWorker.java:52)
	at org.testng.SuiteRunnerWorker.run(SuiteRunnerWorker.java:86)
	at org.testng.TestNG.runSuitesSequentially(TestNG.java:1293)
	at org.testng.TestNG.runSuitesLocally(TestNG.java:1218)
	at org.testng.TestNG.runSuites(TestNG.java:1133)
	at org.testng.TestNG.run(TestNG.java:1104)
	at org.testng.remote.AbstractRemoteTestNG.run(AbstractRemoteTestNG.java:132)
	at org.testng.remote.RemoteTestNG.initAndRun(RemoteTestNG.java:236)
	at org.testng.remote.RemoteTestNG.main(RemoteTestNG.java:81)
]]>
            </full-stacktrace>
          </exception> <!-- java.lang.AssertionError -->
          <reporter-output>
          </reporter-output>
        </test-method> <!-- test_searchAndClickPageButton -->
        <test-method status="PASS" signature="afterMethod()[pri:0, instance:test.Gurukul@7d9d1a19]" name="afterMethod" is-config="true" duration-ms="2951" started-at="2016-12-30T10:10:35Z" finished-at="2016-12-30T10:10:38Z">
          <reporter-output>
          </reporter-output>
        </test-method> <!-- afterMethod -->
      </class> <!-- test.Gurukul -->
    </test> <!-- test -->
  </suite> <!-- TestNG -->
</testng-results>
