<?xml version="1.0" encoding="UTF-8"?>
<!-- Generated by org.testng.reporters.JUnitXMLReporter -->
<testsuite hostname="INLN50944471A" ignored="12" name="test" tests="2" failures="0" timestamp="30 Dec 2016 10:01:23 GMT" time="20.359" errors="0">
  <testcase name="test_login" time="10.963" classname="test.Gurukul"/>
  <testcase name="test_accountSettings" time="3.391" classname="test.Gurukul"/>
  <testcase name="test_searchStaffAndDelete" time="0.0" classname="test.Gurukul">
    <ignored/>
  </testcase> <!-- test_searchStaffAndDelete -->
  <testcase name="test_validateEntitiesDropdownItems" time="0.0" classname="test.Gurukul">
    <ignored/>
  </testcase> <!-- test_validateEntitiesDropdownItems -->
  <testcase name="test_searchBranchAndDelete" time="0.0" classname="test.Gurukul">
    <ignored/>
  </testcase> <!-- test_searchBranchAndDelete -->
  <testcase name="test_validateAccountDropdownItems" time="0.0" classname="test.Gurukul">
    <ignored/>
  </testcase> <!-- test_validateAccountDropdownItems -->
  <testcase name="test_pagination" time="0.0" classname="test.Gurukul">
    <ignored/>
  </testcase> <!-- test_pagination -->
  <testcase name="test_logout" time="0.0" classname="test.Gurukul">
    <ignored/>
  </testcase> <!-- test_logout -->
  <testcase name="test_staffAdd" time="0.0" classname="test.Gurukul">
    <ignored/>
  </testcase> <!-- test_staffAdd -->
  <testcase name="test_validateMenuBarItems" time="0.0" classname="test.Gurukul">
    <ignored/>
  </testcase> <!-- test_validateMenuBarItems -->
  <testcase name="test_registerNewUser" time="0.0" classname="test.Gurukul">
    <ignored/>
  </testcase> <!-- test_registerNewUser -->
  <testcase name="test_searchAndClickPageButton" time="0.0" classname="test.Gurukul">
    <ignored/>
  </testcase> <!-- test_searchAndClickPageButton -->
  <testcase name="test_createStaff" time="0.0" classname="test.Gurukul">
    <ignored/>
  </testcase> <!-- test_createStaff -->
  <testcase name="test_createBranches" time="0.0" classname="test.Gurukul">
    <ignored/>
  </testcase> <!-- test_createBranches -->
</testsuite> <!-- test -->
